Assembler report for ap3
Wed May 25 14:58:05 2005
Version 4.2 Build 178 01/19/2005 Service Pack 1 SJ Full Version


---------------------
; Table of Contents ;
---------------------
  1. Legal Notice
  2. Assembler Summary
  3. Assembler Settings
  4. Assembler Generated Files
  5. Assembler Device Options: C:/Documents and Settings/fmanzi/Desktop/simoes/teclado/ap3.sof
  6. Assembler Device Options: C:/Documents and Settings/fmanzi/Desktop/simoes/teclado/ap3.pof
  7. Assembler Messages



----------------
; Legal Notice ;
----------------
Copyright (C) 1991-2005 Altera Corporation
Any  megafunction  design,  and related netlist (encrypted  or  decrypted),
support information,  device programming or simulation file,  and any other
associated  documentation or information  provided by  Altera  or a partner
under  Altera's   Megafunction   Partnership   Program  may  be  used  only
to program  PLD  devices (but not masked  PLD  devices) from  Altera.   Any
other  use  of such  megafunction  design,  netlist,  support  information,
device programming or simulation file,  or any other  related documentation
or information  is prohibited  for  any  other purpose,  including, but not
limited to  modification,  reverse engineering,  de-compiling, or use  with
any other  silicon devices,  unless such use is  explicitly  licensed under
a separate agreement with  Altera  or a megafunction partner.  Title to the
intellectual property,  including patents,  copyrights,  trademarks,  trade
secrets,  or maskworks,  embodied in any such megafunction design, netlist,
support  information,  device programming or simulation file,  or any other
related documentation or information provided by  Altera  or a megafunction
partner, remains with Altera, the megafunction partner, or their respective
licensors. No other licenses, including any licenses needed under any third
party's intellectual property, are provided herein.



+---------------------------------------------------------------+
; Assembler Summary                                             ;
+-----------------------+---------------------------------------+
; Assembler Status      ; Successful - Wed May 25 14:58:05 2005 ;
; Revision Name         ; ap3                                   ;
; Top-level Entity Name ; ap3                                   ;
; Family                ; FLEX10K                               ;
; Device                ; EPF10K70RC240-4                       ;
+-----------------------+---------------------------------------+


+------------------------------------------------------------------------------------------------------------------+
; Assembler Settings                                                                                               ;
+---------------------------------------------------------------------------------------+----------+---------------+
; Option                                                                                ; Setting  ; Default Value ;
+---------------------------------------------------------------------------------------+----------+---------------+
; Auto-restart configuration after error                                                ; Off      ; On            ;
; Use smart compilation                                                                 ; Normal   ; Normal        ;
; Generate Serial Vector Format File (.svf) for Target Device                           ; Off      ; Off           ;
; Generate In System Configuration File (.isc) for Target Device                        ; Off      ; Off           ;
; Generate a JEDEC STAPL Format File (.jam) for Target Device                           ; Off      ; Off           ;
; Generate an uncompressed Jam STAPL Byte Code 2.0 File (.jbc) for Target Device        ; Off      ; Off           ;
; Generate a compressed Jam STAPL Byte Code 2.0 File (.jbc) for Target Device           ; On       ; On            ;
; Generate Serial Vector Format File (.svf) For Configuration Device                    ; Off      ; Off           ;
; Generate In System Configuration File (.isc) For Configuration Device                 ; Off      ; Off           ;
; Generate a JEDEC STAPL Format File (.jam)For Configuration Device                     ; Off      ; Off           ;
; Generate an uncompressed Jam STAPL Byte Code 2.0 File (.jbc) For Configuration Device ; Off      ; Off           ;
; Generate a compressed Jam STAPL Byte Code 2.0 File (.jbc) For Configuration Device    ; On       ; On            ;
; Generate Hexadecimal (Intel-format) Output File (.hexout) For Configuration Device    ; Off      ; Off           ;
; Compression mode                                                                      ; Off      ; Off           ;
; Clock source for configuration device                                                 ; Internal ; Internal      ;
; Clock frequency of the configuration device                                           ; 10 MHz   ; 10 MHz        ;
; Divide clock frequency by                                                             ; 1        ; 1             ;
; Low-voltage mode                                                                      ; on       ; on            ;
; JTAG user code for target device                                                      ; 7F       ; 7F            ;
; Configuration device                                                                  ; Auto     ; Auto          ;
; JTAG user code for configuration device                                               ; Ffffffff ; Ffffffff      ;
; Configuration device auto user code                                                   ; off      ; off           ;
; Generate Tabular Text File (.ttf) For Target Device                                   ; Off      ; Off           ;
; Generate Raw Binary File (.rbf) For Target Device                                     ; Off      ; Off           ;
; Generate Hexadecimal (Intel-Format) Output File (.hexout) for Target Device           ; Off      ; Off           ;
; Hexadecimal Output File start address                                                 ; 0        ; 0             ;
; Hexadecimal Output File count direction                                               ; Up       ; Up            ;
; Release clears before tri-states                                                      ; off      ; off           ;
+---------------------------------------------------------------------------------------+----------+---------------+


+-----------------------------------------------------------------+
; Assembler Generated Files                                       ;
+-----------------------------------------------------------------+
; File Name                                                       ;
+-----------------------------------------------------------------+
; C:/Documents and Settings/fmanzi/Desktop/simoes/teclado/ap3.sof ;
; C:/Documents and Settings/fmanzi/Desktop/simoes/teclado/ap3.pof ;
+-----------------------------------------------------------------+


+-------------------------------------------------------------------------------------------+
; Assembler Device Options: C:/Documents and Settings/fmanzi/Desktop/simoes/teclado/ap3.sof ;
+----------------+--------------------------------------------------------------------------+
; Option         ; Setting                                                                  ;
+----------------+--------------------------------------------------------------------------+
; Device         ; EPF10K70RC240-4                                                          ;
; JTAG usercode  ; 0x0000007F                                                               ;
; Checksum       ; 0x000317D9                                                               ;
+----------------+--------------------------------------------------------------------------+


+-------------------------------------------------------------------------------------------+
; Assembler Device Options: C:/Documents and Settings/fmanzi/Desktop/simoes/teclado/ap3.pof ;
+----------------+--------------------------------------------------------------------------+
; Option         ; Setting                                                                  ;
+----------------+--------------------------------------------------------------------------+
; Device         ; EPC2                                                                     ;
; JTAG usercode  ; 0xFFFFFFFF                                                               ;
; Checksum       ; 0x018D2A9B                                                               ;
+----------------+--------------------------------------------------------------------------+


+--------------------+
; Assembler Messages ;
+--------------------+
Info: *******************************************************************
Info: Running Quartus II Assembler
    Info: Version 4.2 Build 178 01/19/2005 Service Pack 1 SJ Full Version
    Info: Processing started: Wed May 25 14:58:04 2005
Info: Command: quartus_asm --import_settings_files=off --export_settings_files=off ap3 -c ap3
Info: Quartus II Assembler was successful. 0 errors, 0 warnings
    Info: Processing ended: Wed May 25 14:58:05 2005
    Info: Elapsed time: 00:00:02


