Fitter report for ap3
Wed May 25 14:58:02 2005
Version 4.2 Build 178 01/19/2005 Service Pack 1 SJ Full Version


---------------------
; Table of Contents ;
---------------------
  1. Legal Notice
  2. Fitter Summary
  3. Fitter Settings
  4. Fitter Device Options
  5. Fitter Equations
  6. Input Pins
  7. Output Pins
  8. All Package Pins
  9. Control Signals
 10. Global & Other Fast Signals
 11. Carry Chains
 12. Cascade Chains
 13. Non-Global High Fan-Out Signals
 14. Peripheral Signals
 15. LAB
 16. Local Routing Interconnect
 17. LAB External Interconnect
 18. Row Interconnect
 19. LAB Column Interconnect
 20. LAB Column Interconnect
 21. Fitter Resource Usage Summary
 22. Fitter Resource Utilization by Entity
 23. Delay Chain Summary
 24. Pin-Out File
 25. Fitter Messages



----------------
; Legal Notice ;
----------------
Copyright (C) 1991-2005 Altera Corporation
Any  megafunction  design,  and related netlist (encrypted  or  decrypted),
support information,  device programming or simulation file,  and any other
associated  documentation or information  provided by  Altera  or a partner
under  Altera's   Megafunction   Partnership   Program  may  be  used  only
to program  PLD  devices (but not masked  PLD  devices) from  Altera.   Any
other  use  of such  megafunction  design,  netlist,  support  information,
device programming or simulation file,  or any other  related documentation
or information  is prohibited  for  any  other purpose,  including, but not
limited to  modification,  reverse engineering,  de-compiling, or use  with
any other  silicon devices,  unless such use is  explicitly  licensed under
a separate agreement with  Altera  or a megafunction partner.  Title to the
intellectual property,  including patents,  copyrights,  trademarks,  trade
secrets,  or maskworks,  embodied in any such megafunction design, netlist,
support  information,  device programming or simulation file,  or any other
related documentation or information provided by  Altera  or a megafunction
partner, remains with Altera, the megafunction partner, or their respective
licensors. No other licenses, including any licenses needed under any third
party's intellectual property, are provided herein.



+-----------------------------------------------------------------------+
; Fitter Summary                                                        ;
+-----------------------+-----------------------------------------------+
; Fitter Status         ; Successful - Wed May 25 14:58:02 2005         ;
; Quartus II Version    ; 4.2 Build 178 01/19/2005 SP 1 SJ Full Version ;
; Revision Name         ; ap3                                           ;
; Top-level Entity Name ; ap3                                           ;
; Family                ; FLEX10K                                       ;
; Device                ; EPF10K70RC240-4                               ;
; Timing Models         ; Final                                         ;
; Total logic elements  ; 210 / 3,744 ( 5 % )                           ;
; Total pins            ; 21 / 189 ( 11 % )                             ;
; Total memory bits     ; 0 / 18,432 ( 0 % )                            ;
+-----------------------+-----------------------------------------------+


+------------------------------------------------------------------------------------------------------+
; Fitter Settings                                                                                      ;
+------------------------------------------------------------+--------------------+--------------------+
; Option                                                     ; Setting            ; Default Value      ;
+------------------------------------------------------------+--------------------+--------------------+
; Device                                                     ; EPF10K70RC240-4    ;                    ;
; Fitter Effort                                              ; Standard Fit       ; Auto Fit           ;
; Use smart compilation                                      ; Normal             ; Normal             ;
; Placement Effort Multiplier                                ; 1.0                ; 1.0                ;
; Router Effort Multiplier                                   ; 1.0                ; 1.0                ;
; Optimize Timing                                            ; Normal compilation ; Normal compilation ;
; Optimize IOC Register Placement for Timing                 ; On                 ; On                 ;
; Limit to One Fitting Attempt                               ; Off                ; Off                ;
; Final Placement Optimizations                              ; Automatically      ; Automatically      ;
; Fitter Initial Placement Seed                              ; 1                  ; 1                  ;
; Slow Slew Rate                                             ; Off                ; Off                ;
; Auto Global Memory Control Signals                         ; Off                ; Off                ;
; Logic Cell Insertion - Individual Logic Cells              ; On                 ; On                 ;
; Logic Cell Insertion - I/Os Fed By Carry or Cascade Chains ; On                 ; On                 ;
; Auto Global Clock                                          ; On                 ; On                 ;
; Auto Global Output Enable                                  ; On                 ; On                 ;
; Auto Global Register Control Signals                       ; On                 ; On                 ;
+------------------------------------------------------------+--------------------+--------------------+


+-------------------------------------------------------------------------+
; Fitter Device Options                                                   ;
+----------------------------------------------+--------------------------+
; Option                                       ; Setting                  ;
+----------------------------------------------+--------------------------+
; Enable user-supplied start-up clock (CLKUSR) ; Off                      ;
; Enable device-wide reset (DEV_CLRn)          ; Off                      ;
; Enable device-wide output enable (DEV_OE)    ; Off                      ;
; Enable INIT_DONE output                      ; Off                      ;
; Configuration scheme                         ; Passive Serial           ;
; Reserve all unused pins                      ; As output driving ground ;
; Base pin-out file on sameframe device        ; Off                      ;
+----------------------------------------------+--------------------------+


+------------------+
; Fitter Equations ;
+------------------+
The equations can be found in C:/Documents and Settings/fmanzi/Desktop/simoes/teclado/ap3.fit.eqn.


+---------------------------------------------------------------------------------------------------------------------------------------------+
; Input Pins                                                                                                                                  ;
+-------------+-------+-----+------+---------+--------+--------------+-------------------------+---------------+---------------+--------------+
; Name        ; Pin # ; Row ; Col. ; Fan-Out ; Global ; I/O Register ; Use Local Routing Input ; Power Up High ; Single-Pin CE ; I/O Standard ;
+-------------+-------+-----+------+---------+--------+--------------+-------------------------+---------------+---------------+--------------+
; kbd_clk     ; 30    ;  E  ; --   ; 23      ; no     ; no           ; no                      ; no            ; no            ; TTL          ;
; kbd_data    ; 31    ;  E  ; --   ; 3       ; no     ; no           ; no                      ; no            ; no            ; TTL          ;
; PB[1]       ; 28    ;  D  ; --   ; 1       ; no     ; no           ; no                      ; no            ; no            ; TTL          ;
; Clock_25Mhz ; 91    ; --  ; --   ; 7       ; yes    ; no           ; no                      ; no            ; no            ; TTL          ;
; PB[2]       ; 29    ;  D  ; --   ; 0       ; no     ; no           ; no                      ; no            ; no            ; TTL          ;
+-------------+-------+-----+------+---------+--------+--------------+-------------------------+---------------+---------------+--------------+


+----------------------------------------------------------------------------------------------------------------------------------------------------------------------------------------+
; Output Pins                                                                                                                                                                            ;
+------------+-------+-----+------+--------------+--------------------------+---------------+----------------+---------------+---------------+------------+---------------+--------------+
; Name       ; Pin # ; Row ; Col. ; I/O Register ; Use Local Routing Output ; Power Up High ; Slow Slew Rate ; Single-Pin OE ; Single-Pin CE ; Open Drain ; TRI Primitive ; I/O Standard ;
+------------+-------+-----+------+--------------+--------------------------+---------------+----------------+---------------+---------------+------------+---------------+--------------+
; LSD_SEG_A  ; 17    ;  B  ; --   ; no           ; no                       ; no            ; no             ; no            ; no            ; no         ; no            ; TTL          ;
; LSD_SEG_B  ; 18    ;  B  ; --   ; no           ; no                       ; no            ; no             ; no            ; no            ; no         ; no            ; TTL          ;
; LSD_SEG_C  ; 19    ;  C  ; --   ; no           ; no                       ; no            ; no             ; no            ; no            ; no         ; no            ; TTL          ;
; LSD_SEG_D  ; 20    ;  C  ; --   ; no           ; no                       ; no            ; no             ; no            ; no            ; no         ; no            ; TTL          ;
; LSD_SEG_E  ; 21    ;  C  ; --   ; no           ; no                       ; no            ; no             ; no            ; no            ; no         ; no            ; TTL          ;
; LSD_SEG_F  ; 23    ;  C  ; --   ; no           ; no                       ; no            ; no             ; no            ; no            ; no         ; no            ; TTL          ;
; LSD_SEG_G  ; 24    ;  C  ; --   ; no           ; no                       ; no            ; no             ; no            ; no            ; no         ; no            ; TTL          ;
; MSD_SEG_A  ; 6     ;  A  ; --   ; no           ; no                       ; no            ; no             ; no            ; no            ; no         ; no            ; TTL          ;
; MSD_SEG_B  ; 7     ;  A  ; --   ; no           ; no                       ; no            ; no             ; no            ; no            ; no         ; no            ; TTL          ;
; MSD_SEG_D  ; 9     ;  A  ; --   ; no           ; no                       ; no            ; no             ; no            ; no            ; no         ; no            ; TTL          ;
; MSD_SEG_E  ; 11    ;  A  ; --   ; no           ; no                       ; no            ; no             ; no            ; no            ; no         ; no            ; TTL          ;
; MSD_SEG_F  ; 12    ;  B  ; --   ; no           ; no                       ; no            ; no             ; no            ; no            ; no         ; no            ; TTL          ;
; MSD_SEG_G  ; 13    ;  B  ; --   ; no           ; no                       ; no            ; no             ; no            ; no            ; no         ; no            ; TTL          ;
; LSD_SEG_DP ; 25    ;  D  ; --   ; no           ; no                       ; no            ; no             ; no            ; no            ; no         ; no            ; TTL          ;
; MSD_SEG_DP ; 14    ;  B  ; --   ; no           ; no                       ; no            ; no             ; no            ; no            ; no         ; no            ; TTL          ;
; MSD_SEG_C  ; 8     ;  A  ; --   ; no           ; no                       ; no            ; no             ; no            ; no            ; no         ; no            ; TTL          ;
+------------+-------+-----+------+--------------+--------------------------+---------------+----------------+---------------+---------------+------------+---------------+--------------+


+------------------------------------+
; All Package Pins                   ;
+-------+-------------+--------------+
; Pin # ; Usage       ; I/O Standard ;
+-------+-------------+--------------+
; 1     ; #TCK        ;              ;
; 2     ; ^CONF_DONE  ;              ;
; 3     ; ^nCEO       ;              ;
; 4     ; #TDO        ;              ;
; 5     ; VCC_INT     ;              ;
; 6     ; MSD_SEG_A   ; TTL          ;
; 7     ; MSD_SEG_B   ; TTL          ;
; 8     ; MSD_SEG_C   ; TTL          ;
; 9     ; MSD_SEG_D   ; TTL          ;
; 10    ; GND_INT     ;              ;
; 11    ; MSD_SEG_E   ; TTL          ;
; 12    ; MSD_SEG_F   ; TTL          ;
; 13    ; MSD_SEG_G   ; TTL          ;
; 14    ; MSD_SEG_DP  ; TTL          ;
; 15    ; GND*        ;              ;
; 16    ; VCC_INT     ;              ;
; 17    ; LSD_SEG_A   ; TTL          ;
; 18    ; LSD_SEG_B   ; TTL          ;
; 19    ; LSD_SEG_C   ; TTL          ;
; 20    ; LSD_SEG_D   ; TTL          ;
; 21    ; LSD_SEG_E   ; TTL          ;
; 22    ; GND_INT     ;              ;
; 23    ; LSD_SEG_F   ; TTL          ;
; 24    ; LSD_SEG_G   ; TTL          ;
; 25    ; LSD_SEG_DP  ; TTL          ;
; 26    ; GND*        ;              ;
; 27    ; VCC_INT     ;              ;
; 28    ; PB[1]       ; TTL          ;
; 29    ; PB[2]       ; TTL          ;
; 30    ; kbd_clk     ; TTL          ;
; 31    ; kbd_data    ; TTL          ;
; 32    ; GND_INT     ;              ;
; 33    ; GND*        ;              ;
; 34    ; GND*        ;              ;
; 35    ; GND*        ;              ;
; 36    ; GND*        ;              ;
; 37    ; VCC_INT     ;              ;
; 38    ; GND*        ;              ;
; 39    ; GND*        ;              ;
; 40    ; GND*        ;              ;
; 41    ; GND*        ;              ;
; 42    ; GND_INT     ;              ;
; 43    ; GND*        ;              ;
; 44    ; GND*        ;              ;
; 45    ; GND*        ;              ;
; 46    ; GND*        ;              ;
; 47    ; VCC_INT     ;              ;
; 48    ; GND*        ;              ;
; 49    ; GND*        ;              ;
; 50    ; GND*        ;              ;
; 51    ; GND*        ;              ;
; 52    ; GND_INT     ;              ;
; 53    ; GND*        ;              ;
; 54    ; GND*        ;              ;
; 55    ; GND*        ;              ;
; 56    ; GND*        ;              ;
; 57    ; VCC_INT     ;              ;
; 58    ; #TMS        ;              ;
; 59    ; #TRST       ;              ;
; 60    ; ^nSTATUS    ;              ;
; 61    ; GND*        ;              ;
; 62    ; GND*        ;              ;
; 63    ; GND*        ;              ;
; 64    ; GND*        ;              ;
; 65    ; GND*        ;              ;
; 66    ; GND*        ;              ;
; 67    ; GND*        ;              ;
; 68    ; GND*        ;              ;
; 69    ; GND_INT     ;              ;
; 70    ; GND*        ;              ;
; 71    ; GND*        ;              ;
; 72    ; GND*        ;              ;
; 73    ; GND*        ;              ;
; 74    ; GND*        ;              ;
; 75    ; GND*        ;              ;
; 76    ; GND*        ;              ;
; 77    ; VCC_INT     ;              ;
; 78    ; GND*        ;              ;
; 79    ; GND*        ;              ;
; 80    ; GND*        ;              ;
; 81    ; GND*        ;              ;
; 82    ; GND*        ;              ;
; 83    ; GND*        ;              ;
; 84    ; GND*        ;              ;
; 85    ; GND_INT     ;              ;
; 86    ; GND*        ;              ;
; 87    ; GND*        ;              ;
; 88    ; GND*        ;              ;
; 89    ; VCC_INT     ;              ;
; 90    ; GND+        ;              ;
; 91    ; Clock_25Mhz ; TTL          ;
; 92    ; GND+        ;              ;
; 93    ; GND_INT     ;              ;
; 94    ; GND*        ;              ;
; 95    ; GND*        ;              ;
; 96    ; VCC_INT     ;              ;
; 97    ; GND*        ;              ;
; 98    ; GND*        ;              ;
; 99    ; GND*        ;              ;
; 100   ; GND*        ;              ;
; 101   ; GND*        ;              ;
; 102   ; GND*        ;              ;
; 103   ; GND*        ;              ;
; 104   ; GND_INT     ;              ;
; 105   ; GND*        ;              ;
; 106   ; GND*        ;              ;
; 107   ; GND*        ;              ;
; 108   ; GND*        ;              ;
; 109   ; GND*        ;              ;
; 110   ; GND*        ;              ;
; 111   ; GND*        ;              ;
; 112   ; VCC_INT     ;              ;
; 113   ; GND*        ;              ;
; 114   ; GND*        ;              ;
; 115   ; GND*        ;              ;
; 116   ; GND*        ;              ;
; 117   ; GND*        ;              ;
; 118   ; GND*        ;              ;
; 119   ; GND*        ;              ;
; 120   ; GND*        ;              ;
; 121   ; ^nCONFIG    ;              ;
; 122   ; VCC_INT     ;              ;
; 123   ; ^MSEL1      ;              ;
; 124   ; ^MSEL0      ;              ;
; 125   ; GND_INT     ;              ;
; 126   ; GND*        ;              ;
; 127   ; GND*        ;              ;
; 128   ; GND*        ;              ;
; 129   ; GND*        ;              ;
; 130   ; VCC_INT     ;              ;
; 131   ; GND*        ;              ;
; 132   ; GND*        ;              ;
; 133   ; GND*        ;              ;
; 134   ; GND*        ;              ;
; 135   ; GND_INT     ;              ;
; 136   ; GND*        ;              ;
; 137   ; GND*        ;              ;
; 138   ; GND*        ;              ;
; 139   ; GND*        ;              ;
; 140   ; VCC_INT     ;              ;
; 141   ; GND*        ;              ;
; 142   ; GND*        ;              ;
; 143   ; GND*        ;              ;
; 144   ; GND*        ;              ;
; 145   ; GND_INT     ;              ;
; 146   ; GND*        ;              ;
; 147   ; GND*        ;              ;
; 148   ; GND*        ;              ;
; 149   ; GND*        ;              ;
; 150   ; VCC_INT     ;              ;
; 151   ; GND*        ;              ;
; 152   ; GND*        ;              ;
; 153   ; GND*        ;              ;
; 154   ; GND*        ;              ;
; 155   ; GND_INT     ;              ;
; 156   ; GND*        ;              ;
; 157   ; GND*        ;              ;
; 158   ; GND*        ;              ;
; 159   ; GND*        ;              ;
; 160   ; VCC_INT     ;              ;
; 161   ; GND*        ;              ;
; 162   ; GND*        ;              ;
; 163   ; GND*        ;              ;
; 164   ; GND*        ;              ;
; 165   ; GND_INT     ;              ;
; 166   ; GND*        ;              ;
; 167   ; GND*        ;              ;
; 168   ; GND*        ;              ;
; 169   ; GND*        ;              ;
; 170   ; VCC_INT     ;              ;
; 171   ; GND*        ;              ;
; 172   ; GND*        ;              ;
; 173   ; GND*        ;              ;
; 174   ; GND*        ;              ;
; 175   ; GND*        ;              ;
; 176   ; GND_INT     ;              ;
; 177   ; #TDI        ;              ;
; 178   ; ^nCE        ;              ;
; 179   ; ^DCLK       ;              ;
; 180   ; ^DATA0      ;              ;
; 181   ; GND*        ;              ;
; 182   ; GND*        ;              ;
; 183   ; GND*        ;              ;
; 184   ; GND*        ;              ;
; 185   ; GND*        ;              ;
; 186   ; GND*        ;              ;
; 187   ; GND*        ;              ;
; 188   ; GND*        ;              ;
; 189   ; VCC_INT     ;              ;
; 190   ; GND*        ;              ;
; 191   ; GND*        ;              ;
; 192   ; GND*        ;              ;
; 193   ; GND*        ;              ;
; 194   ; GND*        ;              ;
; 195   ; GND*        ;              ;
; 196   ; GND*        ;              ;
; 197   ; GND_INT     ;              ;
; 198   ; GND*        ;              ;
; 199   ; GND*        ;              ;
; 200   ; GND*        ;              ;
; 201   ; GND*        ;              ;
; 202   ; GND*        ;              ;
; 203   ; GND*        ;              ;
; 204   ; GND*        ;              ;
; 205   ; VCC_INT     ;              ;
; 206   ; GND*        ;              ;
; 207   ; GND*        ;              ;
; 208   ; GND*        ;              ;
; 209   ; GND*        ;              ;
; 210   ; GND+        ;              ;
; 211   ; GND+        ;              ;
; 212   ; GND+        ;              ;
; 213   ; GND*        ;              ;
; 214   ; GND*        ;              ;
; 215   ; GND*        ;              ;
; 216   ; GND_INT     ;              ;
; 217   ; GND*        ;              ;
; 218   ; GND*        ;              ;
; 219   ; GND*        ;              ;
; 220   ; GND*        ;              ;
; 221   ; GND*        ;              ;
; 222   ; GND*        ;              ;
; 223   ; GND*        ;              ;
; 224   ; VCC_INT     ;              ;
; 225   ; GND*        ;              ;
; 226   ; GND*        ;              ;
; 227   ; GND*        ;              ;
; 228   ; GND*        ;              ;
; 229   ; GND*        ;              ;
; 230   ; GND*        ;              ;
; 231   ; GND*        ;              ;
; 232   ; GND_INT     ;              ;
; 233   ; GND*        ;              ;
; 234   ; GND*        ;              ;
; 235   ; GND*        ;              ;
; 236   ; GND*        ;              ;
; 237   ; GND*        ;              ;
; 238   ; GND*        ;              ;
; 239   ; GND*        ;              ;
; 240   ; GND*        ;              ;
+-------+-------------+--------------+


+------------------------------------------------------------------------------------------+
; Control Signals                                                                          ;
+--------------------------------+---------+---------+----------------------+--------------+
; Name                           ; Pin #   ; Fan-Out ; Usage                ; Global Usage ;
+--------------------------------+---------+---------+----------------------+--------------+
; inst4                          ; LC5_D51 ; 3       ; Clock                ; Non-global   ;
; kbd_clk                        ; 30      ; 23      ; Clock                ; Non-global   ;
; keyboard:inst|ready_set        ; LC4_C9  ; 2       ; Clock                ; Non-global   ;
; Clock_25Mhz                    ; 91      ; 7       ; Clock                ; Pin          ;
; clk_div:inst2|clock_100Hz      ; LC1_E6  ; 5       ; Clock                ; Non-global   ;
; clk_div:inst2|clock_1Mhz_int   ; LC6_E4  ; 4       ; Clock                ; Non-global   ;
; keyboard:inst|scan_ready       ; LC1_C26 ; 42      ; Clock / Async. clear ; Internal     ;
; keyboard:inst|scan_code[7]~41  ; LC1_C11 ; 8       ; Clock enable         ; Non-global   ;
; keyboard:inst|SHIFTIN[7]~31    ; LC2_C11 ; 9       ; Clock enable         ; Non-global   ;
; keyboard:inst|ready_set~107    ; LC8_C9  ; 1       ; Clock enable         ; Non-global   ;
; clk_div:inst2|clock_1Khz_int   ; LC1_E8  ; 5       ; Clock                ; Non-global   ;
; clk_div:inst2|reduce_or~60     ; LC1_E3  ; 1       ; Clock enable         ; Non-global   ;
; clk_div:inst2|clock_10Khz_int  ; LC2_E8  ; 5       ; Clock                ; Non-global   ;
; clk_div:inst2|clock_100Khz_int ; LC1_E12 ; 5       ; Clock                ; Non-global   ;
; clk_div:inst2|reduce_or~58     ; LC6_E6  ; 1       ; Clock enable         ; Non-global   ;
; clk_div:inst2|reduce_or~59     ; LC6_E8  ; 1       ; Clock enable         ; Non-global   ;
; clk_div:inst2|reduce_or~61     ; LC5_E12 ; 1       ; Clock enable         ; Non-global   ;
+--------------------------------+---------+---------+----------------------+--------------+


+-------------------------------------------------------+
; Global & Other Fast Signals                           ;
+--------------------------+---------+---------+--------+
; Name                     ; Pin #   ; Fan-Out ; Global ;
+--------------------------+---------+---------+--------+
; Clock_25Mhz              ; 91      ; 7       ; yes    ;
; keyboard:inst|scan_ready ; LC1_C26 ; 42      ; yes    ;
+--------------------------+---------+---------+--------+


+---------------------------------------------+
; Carry Chains                                ;
+--------------------+------------------------+
; Carry Chain Length ; Number of Carry Chains ;
+--------------------+------------------------+
; 0                  ; 0                      ;
; 1                  ; 0                      ;
; 2                  ; 0                      ;
; 3                  ; 0                      ;
; 4                  ; 0                      ;
; 5                  ; 1                      ;
+--------------------+------------------------+


+----------------+
; Cascade Chains ;
+--------+-------+
; Length ; Count ;
+--------+-------+
; 2      ; 4     ;
; 3      ; 1     ;
+--------+-------+


+------------------------------------------+
; Non-Global High Fan-Out Signals          ;
+--------------------------------+---------+
; Name                           ; Fan-Out ;
+--------------------------------+---------+
; dec_kb:inst11|saida~1539       ; 24      ;
; kbd_clk                        ; 23      ;
; dec_kb:inst11|saida~1543       ; 22      ;
; dec_kb:inst11|saida~1530       ; 19      ;
; dec_kb:inst11|saida~1535       ; 19      ;
; dec_kb:inst11|saida~1542       ; 18      ;
; dec_kb:inst11|process1~206     ; 16      ;
; dec_kb:inst11|saida~1544       ; 15      ;
; dec_kb:inst11|saida~1533       ; 13      ;
; dec_kb:inst11|process1~204     ; 10      ;
; keyboard:inst|SHIFTIN[7]~31    ; 9       ;
; dec_kb:inst11|process1~209     ; 9       ;
; keyboard:inst|READ_CHAR        ; 9       ;
; debounce:inst1|pb_debounced    ; 8       ;
; keyboard:inst|scan_code[7]~41  ; 8       ;
; keyboard:inst|LessThan~56      ; 8       ;
; dec_kb:inst11|bin_digit[1]~794 ; 7       ;
; dec_kb:inst11|bin_digit[0]~790 ; 7       ;
; dec_kb:inst11|bin_digit[2]~796 ; 7       ;
; dec_kb:inst11|reduce_or~2238   ; 7       ;
; dec_kb:inst11|reduce_nor~843   ; 5       ;
; dec_kb:inst11|hex_digit[5]     ; 5       ;
; clk_div:inst2|LessThan~39      ; 5       ;
; dec_kb:inst11|hex_digit[6]     ; 5       ;
; clk_div:inst2|clock_10Khz_int  ; 5       ;
; clk_div:inst2|clock_100Khz_int ; 5       ;
; clk_div:inst2|clock_1Khz_int   ; 5       ;
; clk_div:inst2|clock_100Hz      ; 5       ;
; dec_kb:inst11|hex_digit[7]     ; 5       ;
; dec_kb:inst11|hex_digit[1]     ; 5       ;
; dec_kb:inst11|hex_digit[0]     ; 5       ;
; dec_kb:inst11|hex_digit[3]     ; 5       ;
; keyboard:inst|INCNT[0]         ; 4       ;
; dec_kb:inst11|reduce_nor~852   ; 4       ;
; dec_kb:inst11|bin_digit[2]~791 ; 4       ;
; dec_kb:inst11|saida~1537       ; 4       ;
; dec_kb:inst11|hex_digit[4]     ; 4       ;
; clk_div:inst2|count_1Khz[1]    ; 4       ;
; clk_div:inst2|count_1Khz[0]    ; 4       ;
; dec_kb:inst11|process1~3       ; 4       ;
; clk_div:inst2|count_10Khz[0]   ; 4       ;
; clk_div:inst2|count_100Khz[1]  ; 4       ;
; dec_kb:inst11|hex_digit_2[4]   ; 4       ;
; clk_div:inst2|count_100hz[1]   ; 4       ;
; clk_div:inst2|count_100hz[0]   ; 4       ;
; clk_div:inst2|clock_1Mhz_int   ; 4       ;
; clk_div:inst2|count_100Khz[0]  ; 4       ;
; dec_kb:inst11|bin_digit[2]~797 ; 4       ;
; clk_div:inst2|count_10Khz[1]   ; 4       ;
; dec_kb:inst11|hex_digit[2]     ; 4       ;
+--------------------------------+---------+


+--------------------------------------------------------------------------------------------------------------------+
; Peripheral Signals                                                                                                 ;
+--------------------------+---------+----------------------+-----------------+---------------------------+----------+
; Peripheral Signal        ; Source  ; Usage                ; Dedicated Clock ; Peripheral Control Signal ; Polarity ;
+--------------------------+---------+----------------------+-----------------+---------------------------+----------+
; keyboard:inst|scan_ready ; LC1_C26 ; Clock / Async. clear ; no              ; yes                       ; +ve      ;
+--------------------------+---------+----------------------+-----------------+---------------------------+----------+


+-------------------------------------------+
; LAB                                       ;
+--------------------------+----------------+
; Number of Logic Elements ; Number of LABs ;
+--------------------------+----------------+
; 0                        ; 434            ;
; 1                        ; 3              ;
; 2                        ; 2              ;
; 3                        ; 1              ;
; 4                        ; 1              ;
; 5                        ; 3              ;
; 6                        ; 2              ;
; 7                        ; 7              ;
; 8                        ; 15             ;
+--------------------------+----------------+


+----------------------------------------------+
; Local Routing Interconnect                   ;
+-----------------------------+----------------+
; Local Routing Interconnects ; Number of LABs ;
+-----------------------------+----------------+
; 0                           ; 438            ;
; 1                           ; 1              ;
; 2                           ; 3              ;
; 3                           ; 4              ;
; 4                           ; 10             ;
; 5                           ; 5              ;
; 6                           ; 4              ;
; 7                           ; 2              ;
; 8                           ; 1              ;
+-----------------------------+----------------+


+---------------------------------------------+
; LAB External Interconnect                   ;
+----------------------------+----------------+
; LAB External Interconnects ; Number of LABs ;
+----------------------------+----------------+
; 0                          ; 436            ;
; 1                          ; 5              ;
; 2                          ; 2              ;
; 3                          ; 1              ;
; 4                          ; 4              ;
; 5                          ; 1              ;
; 6                          ; 4              ;
; 7                          ; 2              ;
; 8                          ; 3              ;
; 9                          ; 3              ;
; 10                         ; 2              ;
; 11                         ; 1              ;
; 12                         ; 1              ;
; 13                         ; 2              ;
; 14                         ; 0              ;
; 15                         ; 1              ;
+----------------------------+----------------+


+-----------------------------------------------------------------------------------------+
; Row Interconnect                                                                        ;
+-------+--------------------+-----------------------------+------------------------------+
; Row   ; Interconnect Used  ; Left Half Interconnect Used ; Right Half Interconnect Used ;
+-------+--------------------+-----------------------------+------------------------------+
;  A    ;  0 / 208 ( 0 % )   ;  0 / 104 ( 0 % )            ;  4 / 104 ( 3 % )             ;
;  B    ;  0 / 208 ( 0 % )   ;  0 / 104 ( 0 % )            ;  5 / 104 ( 4 % )             ;
;  C    ;  32 / 208 ( 15 % ) ;  17 / 104 ( 16 % )          ;  47 / 104 ( 45 % )           ;
;  D    ;  1 / 208 ( < 1 % ) ;  1 / 104 ( < 1 % )          ;  1 / 104 ( < 1 % )           ;
;  E    ;  2 / 208 ( < 1 % ) ;  4 / 104 ( 3 % )            ;  0 / 104 ( 0 % )             ;
;  F    ;  0 / 208 ( 0 % )   ;  0 / 104 ( 0 % )            ;  0 / 104 ( 0 % )             ;
;  G    ;  0 / 208 ( 0 % )   ;  0 / 104 ( 0 % )            ;  0 / 104 ( 0 % )             ;
;  H    ;  0 / 208 ( 0 % )   ;  0 / 104 ( 0 % )            ;  0 / 104 ( 0 % )             ;
;  I    ;  0 / 208 ( 0 % )   ;  0 / 104 ( 0 % )            ;  0 / 104 ( 0 % )             ;
; Total ;  35 / 1872 ( 1 % ) ;  22 / 936 ( 2 % )           ;  57 / 936 ( 6 % )            ;
+-------+--------------------+-----------------------------+------------------------------+


+----------------------------+
; LAB Column Interconnect    ;
+-------+--------------------+
; Col.  ; Interconnect Used  ;
+-------+--------------------+
; 1     ;  0 / 24 ( 0 % )    ;
; 2     ;  0 / 24 ( 0 % )    ;
; 3     ;  0 / 24 ( 0 % )    ;
; 4     ;  0 / 24 ( 0 % )    ;
; 5     ;  0 / 24 ( 0 % )    ;
; 6     ;  1 / 24 ( 4 % )    ;
; 7     ;  0 / 24 ( 0 % )    ;
; 8     ;  0 / 24 ( 0 % )    ;
; 9     ;  0 / 24 ( 0 % )    ;
; 10    ;  0 / 24 ( 0 % )    ;
; 11    ;  0 / 24 ( 0 % )    ;
; 12    ;  0 / 24 ( 0 % )    ;
; 13    ;  0 / 24 ( 0 % )    ;
; 14    ;  0 / 24 ( 0 % )    ;
; 15    ;  0 / 24 ( 0 % )    ;
; 16    ;  0 / 24 ( 0 % )    ;
; 17    ;  0 / 24 ( 0 % )    ;
; 18    ;  0 / 24 ( 0 % )    ;
; 19    ;  0 / 24 ( 0 % )    ;
; 20    ;  0 / 24 ( 0 % )    ;
; 21    ;  0 / 24 ( 0 % )    ;
; 22    ;  0 / 24 ( 0 % )    ;
; 23    ;  0 / 24 ( 0 % )    ;
; 24    ;  0 / 24 ( 0 % )    ;
; 25    ;  1 / 24 ( 4 % )    ;
; 26    ;  0 / 24 ( 0 % )    ;
; 27    ;  0 / 24 ( 0 % )    ;
; 28    ;  0 / 24 ( 0 % )    ;
; 29    ;  3 / 24 ( 12 % )   ;
; 30    ;  0 / 24 ( 0 % )    ;
; 31    ;  0 / 24 ( 0 % )    ;
; 32    ;  0 / 24 ( 0 % )    ;
; 33    ;  0 / 24 ( 0 % )    ;
; 34    ;  0 / 24 ( 0 % )    ;
; 35    ;  0 / 24 ( 0 % )    ;
; 36    ;  0 / 24 ( 0 % )    ;
; 37    ;  1 / 24 ( 4 % )    ;
; 38    ;  0 / 24 ( 0 % )    ;
; 39    ;  0 / 24 ( 0 % )    ;
; 40    ;  0 / 24 ( 0 % )    ;
; 41    ;  0 / 24 ( 0 % )    ;
; 42    ;  0 / 24 ( 0 % )    ;
; 43    ;  0 / 24 ( 0 % )    ;
; 44    ;  0 / 24 ( 0 % )    ;
; 45    ;  0 / 24 ( 0 % )    ;
; 46    ;  3 / 24 ( 12 % )   ;
; 47    ;  1 / 24 ( 4 % )    ;
; 48    ;  0 / 24 ( 0 % )    ;
; 49    ;  0 / 24 ( 0 % )    ;
; 50    ;  0 / 24 ( 0 % )    ;
; 51    ;  1 / 24 ( 4 % )    ;
; 52    ;  2 / 24 ( 8 % )    ;
; Total ;  13 / 1248 ( 1 % ) ;
+-------+--------------------+


+---------------------------+
; LAB Column Interconnect   ;
+-------+-------------------+
; Col.  ; Interconnect Used ;
+-------+-------------------+
; 1     ;  0 / 24 ( 0 % )   ;
; Total ;  0 / 24 ( 0 % )   ;
+-------+-------------------+


+-----------------------------------------------------------+
; Fitter Resource Usage Summary                             ;
+--------------------------------+--------------------------+
; Resource                       ; Usage                    ;
+--------------------------------+--------------------------+
; Registers                      ; 94 / 3,744 ( 2 % )       ;
; Total LABs                     ; 0 / 468 ( 0 % )          ;
; Logic elements in carry chains ; 5                        ;
; User inserted logic elements   ; 0                        ;
; I/O pins                       ; 21 / 189 ( 11 % )        ;
;     -- Clock pins              ; 2                        ;
;     -- Dedicated input pins    ; 2 / 4 ( 50 % )           ;
; Global signals                 ; 2                        ;
; EABs                           ; 0 / 9 ( 0 % )            ;
; Total memory bits              ; 0 / 18,432 ( 0 % )       ;
; Total RAM block bits           ; 0 / 18,432 ( 0 % )       ;
; Maximum fan-out node           ; keyboard:inst|scan_ready ;
; Maximum fan-out                ; 42                       ;
; Total fan-out                  ; 693                      ;
; Average fan-out                ; 3.00                     ;
+--------------------------------+--------------------------+


+------------------------------------------------------------------------------------------------------------------------------------------------------------------------------------------------------------------------------------------------------+
; Fitter Resource Utilization by Entity                                                                                                                                                                                                                ;
+-------------------------------------------+-------------+--------------+-------------+------+--------------+-------------------+------------------+-----------------+--------------------------------------------------------------------------------+
; Compilation Hierarchy Node                ; Logic Cells ; LC Registers ; Memory Bits ; Pins ; LUT-Only LCs ; Register-Only LCs ; LUT/Register LCs ; Carry Chain LCs ; Full Hierarchy Name                                                            ;
+-------------------------------------------+-------------+--------------+-------------+------+--------------+-------------------+------------------+-----------------+--------------------------------------------------------------------------------+
; |ap3                                      ; 210 (2)     ; 94           ; 0           ; 21   ; 116 (0)      ; 69 (2)            ; 25 (0)           ; 5 (0)           ; |ap3                                                                           ;
;    |clk_div:inst2|                        ; 28 (23)     ; 23           ; 0           ; 0    ; 5 (5)        ; 5 (5)             ; 18 (13)          ; 5 (0)           ; |ap3|clk_div:inst2                                                             ;
;       |lpm_counter:count_1Mhz_rtl_0|      ; 5 (0)       ; 5            ; 0           ; 0    ; 0 (0)        ; 0 (0)             ; 5 (0)            ; 5 (0)           ; |ap3|clk_div:inst2|lpm_counter:count_1Mhz_rtl_0                                ;
;          |alt_counter_f10ke:wysi_counter| ; 5 (5)       ; 5            ; 0           ; 0    ; 0 (0)        ; 0 (0)             ; 5 (5)            ; 5 (5)           ; |ap3|clk_div:inst2|lpm_counter:count_1Mhz_rtl_0|alt_counter_f10ke:wysi_counter ;
;    |debounce:inst1|                       ; 5 (5)       ; 5            ; 0           ; 0    ; 0 (0)        ; 4 (4)             ; 1 (1)            ; 0 (0)           ; |ap3|debounce:inst1                                                            ;
;    |dec_7seg:29|                          ; 7 (7)       ; 0            ; 0           ; 0    ; 7 (7)        ; 0 (0)             ; 0 (0)            ; 0 (0)           ; |ap3|dec_7seg:29                                                               ;
;    |dec_7seg:30|                          ; 6 (6)       ; 0            ; 0           ; 0    ; 6 (6)        ; 0 (0)             ; 0 (0)            ; 0 (0)           ; |ap3|dec_7seg:30                                                               ;
;    |dec_kb:inst11|                        ; 120 (120)   ; 32           ; 0           ; 0    ; 88 (88)      ; 32 (32)           ; 0 (0)            ; 0 (0)           ; |ap3|dec_kb:inst11                                                             ;
;    |keyboard:inst|                        ; 34 (34)     ; 24           ; 0           ; 0    ; 10 (10)      ; 18 (18)           ; 6 (6)            ; 0 (0)           ; |ap3|keyboard:inst                                                             ;
;    |lpm_dff0:inst10|                      ; 8 (0)       ; 8            ; 0           ; 0    ; 0 (0)        ; 8 (0)             ; 0 (0)            ; 0 (0)           ; |ap3|lpm_dff0:inst10                                                           ;
;       |lpm_ff:lpm_ff_component|           ; 8 (8)       ; 8            ; 0           ; 0    ; 0 (0)        ; 8 (8)             ; 0 (0)            ; 0 (0)           ; |ap3|lpm_dff0:inst10|lpm_ff:lpm_ff_component                                   ;
+-------------------------------------------+-------------+--------------+-------------+------+--------------+-------------------+------------------+-----------------+--------------------------------------------------------------------------------+


+--------------------------------------+
; Delay Chain Summary                  ;
+-------------+----------+-------------+
; Name        ; Pin Type ; Pad to Core ;
+-------------+----------+-------------+
; PB[2]       ; Input    ; OFF         ;
; kbd_clk     ; Input    ; OFF         ;
; kbd_data    ; Input    ; OFF         ;
; PB[1]       ; Input    ; OFF         ;
; Clock_25Mhz ; Input    ; OFF         ;
; LSD_SEG_A   ; Output   ; OFF         ;
; LSD_SEG_B   ; Output   ; OFF         ;
; LSD_SEG_C   ; Output   ; OFF         ;
; LSD_SEG_D   ; Output   ; OFF         ;
; LSD_SEG_E   ; Output   ; OFF         ;
; LSD_SEG_F   ; Output   ; OFF         ;
; LSD_SEG_G   ; Output   ; OFF         ;
; MSD_SEG_A   ; Output   ; OFF         ;
; MSD_SEG_B   ; Output   ; OFF         ;
; MSD_SEG_C   ; Output   ; OFF         ;
; MSD_SEG_D   ; Output   ; OFF         ;
; MSD_SEG_E   ; Output   ; OFF         ;
; MSD_SEG_F   ; Output   ; OFF         ;
; MSD_SEG_G   ; Output   ; OFF         ;
; LSD_SEG_DP  ; Output   ; OFF         ;
; MSD_SEG_DP  ; Output   ; OFF         ;
+-------------+----------+-------------+


+--------------+
; Pin-Out File ;
+--------------+
The pin-out file can be found in C:/Documents and Settings/fmanzi/Desktop/simoes/teclado/ap3.pin.


+-----------------+
; Fitter Messages ;
+-----------------+
Info: *******************************************************************
Info: Running Quartus II Fitter
    Info: Version 4.2 Build 178 01/19/2005 Service Pack 1 SJ Full Version
    Info: Processing started: Wed May 25 14:57:51 2005
Info: Command: quartus_fit --import_settings_files=off --export_settings_files=off ap3 -c ap3
Info: Selected device EPF10K70RC240-4 for design "ap3"
Info: Timing requirements not specified -- optimizing circuit to achieve the following default global requirements
    Info: Assuming a global fmax requirement of 1000 MHz
    Info: Not setting a global tsu requirement
    Info: Not setting a global tco requirement
    Info: Not setting a global tpd requirement
Info: Inserted 0 logic cells in first fitting attempt
Info: Started fitting attempt 1 on Wed May 25 2005 at 14:57:52
Info: Fitter placement preparation operations beginning
Info: Fitter placement preparation operations ending: elapsed time = 0 seconds
Info: Fitter placement operations beginning
Info: Fitter placement operations ending: elapsed time = 1 seconds
Info: Fitter routing operations beginning
Info: Fitter routing operations ending: elapsed time = 3 seconds
Info: Quartus II Fitter was successful. 0 errors, 0 warnings
    Info: Processing ended: Wed May 25 14:58:02 2005
    Info: Elapsed time: 00:00:12


