Flow report for ap3
Wed May 25 14:58:08 2005
Version 4.2 Build 178 01/19/2005 Service Pack 1 SJ Full Version


---------------------
; Table of Contents ;
---------------------
  1. Legal Notice
  2. Flow Summary
  3. Flow Settings
  4. Flow Elapsed Time
  5. Flow Log



----------------
; Legal Notice ;
----------------
Copyright (C) 1991-2005 Altera Corporation
Any  megafunction  design,  and related netlist (encrypted  or  decrypted),
support information,  device programming or simulation file,  and any other
associated  documentation or information  provided by  Altera  or a partner
under  Altera's   Megafunction   Partnership   Program  may  be  used  only
to program  PLD  devices (but not masked  PLD  devices) from  Altera.   Any
other  use  of such  megafunction  design,  netlist,  support  information,
device programming or simulation file,  or any other  related documentation
or information  is prohibited  for  any  other purpose,  including, but not
limited to  modification,  reverse engineering,  de-compiling, or use  with
any other  silicon devices,  unless such use is  explicitly  licensed under
a separate agreement with  Altera  or a megafunction partner.  Title to the
intellectual property,  including patents,  copyrights,  trademarks,  trade
secrets,  or maskworks,  embodied in any such megafunction design, netlist,
support  information,  device programming or simulation file,  or any other
related documentation or information provided by  Altera  or a megafunction
partner, remains with Altera, the megafunction partner, or their respective
licensors. No other licenses, including any licenses needed under any third
party's intellectual property, are provided herein.



+-------------------------------------------------------------------------+
; Flow Summary                                                            ;
+-------------------------+-----------------------------------------------+
; Flow Status             ; Successful - Wed May 25 14:58:07 2005         ;
; Quartus II Version      ; 4.2 Build 178 01/19/2005 SP 1 SJ Full Version ;
; Revision Name           ; ap3                                           ;
; Top-level Entity Name   ; ap3                                           ;
; Family                  ; FLEX10K                                       ;
; Device                  ; EPF10K70RC240-4                               ;
; Timing Models           ; Final                                         ;
; Met timing requirements ; No                                            ;
; Total logic elements    ; 210 / 3,744 ( 5 % )                           ;
; Total pins              ; 21 / 189 ( 11 % )                             ;
; Total memory bits       ; 0 / 18,432 ( 0 % )                            ;
+-------------------------+-----------------------------------------------+


+-----------------------------------------+
; Flow Settings                           ;
+-------------------+---------------------+
; Option            ; Setting             ;
+-------------------+---------------------+
; Start date & time ; 05/25/2005 14:57:45 ;
; Main task         ; Compilation         ;
; Revision Name     ; ap3                 ;
+-------------------+---------------------+


+-------------------------------------+
; Flow Elapsed Time                   ;
+----------------------+--------------+
; Module Name          ; Elapsed Time ;
+----------------------+--------------+
; Analysis & Synthesis ; 00:00:06     ;
; Fitter               ; 00:00:12     ;
; Assembler            ; 00:00:02     ;
; Timing Analyzer      ; 00:00:01     ;
; Total                ; 00:00:21     ;
+----------------------+--------------+


------------
; Flow Log ;
------------
quartus_map --import_settings_files=on --export_settings_files=off ap3 -c ap3
quartus_fit --import_settings_files=off --export_settings_files=off ap3 -c ap3
quartus_asm --import_settings_files=off --export_settings_files=off ap3 -c ap3
quartus_tan --import_settings_files=off --export_settings_files=off ap3 -c ap3



