Flow report for ap7
Fri Nov 29 17:39:25 2013
Quartus II 64-Bit Version 13.0.1 Build 232 06/12/2013 Service Pack 1 SJ Web Edition


---------------------
; Table of Contents ;
---------------------
  1. Legal Notice
  2. Flow Summary
  3. Flow Settings
  4. Flow Non-Default Global Settings
  5. Flow Elapsed Time
  6. Flow OS Summary
  7. Flow Log
  8. Flow Messages
  9. Flow Suppressed Messages



----------------
; Legal Notice ;
----------------
Copyright (C) 1991-2013 Altera Corporation
Your use of Altera Corporation's design tools, logic functions 
and other software and tools, and its AMPP partner logic 
functions, and any output files from any of the foregoing 
(including device programming or simulation files), and any 
associated documentation or information are expressly subject 
to the terms and conditions of the Altera Program License 
Subscription Agreement, Altera MegaCore Function License 
Agreement, or other applicable license agreement, including, 
without limitation, that your use is for the sole purpose of 
programming logic devices manufactured by Altera and sold by 
Altera or its authorized distributors.  Please refer to the 
applicable agreement for further details.



+--------------------------------------------------------------------------------------+
; Flow Summary                                                                         ;
+------------------------------------+-------------------------------------------------+
; Flow Status                        ; Successful - Fri Nov 29 17:39:22 2013           ;
; Quartus II 64-Bit Version          ; 13.0.1 Build 232 06/12/2013 SP 1 SJ Web Edition ;
; Revision Name                      ; ap7                                             ;
; Top-level Entity Name              ; ap7                                             ;
; Family                             ; Cyclone II                                      ;
; Device                             ; EP2C70F896C6                                    ;
; Timing Models                      ; Final                                           ;
; Total logic elements               ; 886 / 68,416 ( 1 % )                            ;
;     Total combinational functions  ; 855 / 68,416 ( 1 % )                            ;
;     Dedicated logic registers      ; 228 / 68,416 ( < 1 % )                          ;
; Total registers                    ; 228                                             ;
; Total pins                         ; 38 / 622 ( 6 % )                                ;
; Total virtual pins                 ; 0                                               ;
; Total memory bits                  ; 8,192 / 1,152,000 ( < 1 % )                     ;
; Embedded Multiplier 9-bit elements ; 0 / 300 ( 0 % )                                 ;
; Total PLLs                         ; 0 / 4 ( 0 % )                                   ;
+------------------------------------+-------------------------------------------------+


+-----------------------------------------+
; Flow Settings                           ;
+-------------------+---------------------+
; Option            ; Setting             ;
+-------------------+---------------------+
; Start date & time ; 11/29/2013 17:39:01 ;
; Main task         ; Compilation         ;
; Revision Name     ; ap7                 ;
+-------------------+---------------------+


+-----------------------------------------------------------------------------------------------------------------------------------------------------------+
; Flow Non-Default Global Settings                                                                                                                          ;
+-------------------------------------+---------------------------------------------------------+--------------------------------+-------------+------------+
; Assignment Name                     ; Value                                                   ; Default Value                  ; Entity Name ; Section Id ;
+-------------------------------------+---------------------------------------------------------+--------------------------------+-------------+------------+
; COMPILER_SIGNATURE_ID               ; 62580476984972.138575394002564                          ; --                             ; --          ; --         ;
; FITTER_EFFORT                       ; Fast Fit                                                ; Standard Fit                   ; --          ; --         ;
; IP_TOOL_NAME                        ; LPM_FF                                                  ; --                             ; --          ; --         ;
; IP_TOOL_VERSION                     ; 9.1                                                     ; --                             ; --          ; --         ;
; MAX_CORE_JUNCTION_TEMP              ; 85                                                      ; --                             ; --          ; --         ;
; MIN_CORE_JUNCTION_TEMP              ; 0                                                       ; --                             ; --          ; --         ;
; MISC_FILE                           ; lpm_dff1.bsf                                            ; --                             ; --          ; --         ;
; MISC_FILE                           ; lpm_dff1.cmp                                            ; --                             ; --          ; --         ;
; MISC_FILE                           ; C:/Documents and Settings/vbonato/Desktop/video/ap7.dpf ; --                             ; --          ; --         ;
; OPTIMIZE_HOLD_TIMING                ; Off                                                     ; IO Paths and Minimum TPD Paths ; --          ; --         ;
; PARTITION_COLOR                     ; 16764057                                                ; --                             ; --          ; Top        ;
; PARTITION_FITTER_PRESERVATION_LEVEL ; PLACEMENT_AND_ROUTING                                   ; --                             ; --          ; Top        ;
; PARTITION_NETLIST_TYPE              ; SOURCE                                                  ; --                             ; --          ; Top        ;
; SMART_RECOMPILE                     ; On                                                      ; Off                            ; --          ; --         ;
+-------------------------------------+---------------------------------------------------------+--------------------------------+-------------+------------+


+-------------------------------------------------------------------------------------------------------------------------------+
; Flow Elapsed Time                                                                                                             ;
+---------------------------+--------------+-------------------------+---------------------+------------------------------------+
; Module Name               ; Elapsed Time ; Average Processors Used ; Peak Virtual Memory ; Total CPU Time (on all processors) ;
+---------------------------+--------------+-------------------------+---------------------+------------------------------------+
; Analysis & Synthesis      ; 00:00:05     ; 1.0                     ; 529 MB              ; 00:00:05                           ;
; Fitter                    ; 00:00:08     ; 1.0                     ; 777 MB              ; 00:00:09                           ;
; Assembler                 ; 00:00:03     ; 1.0                     ; 435 MB              ; 00:00:03                           ;
; TimeQuest Timing Analyzer ; 00:00:01     ; 1.0                     ; 416 MB              ; 00:00:01                           ;
; Total                     ; 00:00:17     ; --                      ; --                  ; 00:00:18                           ;
+---------------------------+--------------+-------------------------+---------------------+------------------------------------+


+----------------------------------------------------------------------------------------+
; Flow OS Summary                                                                        ;
+---------------------------+------------------+-----------+------------+----------------+
; Module Name               ; Machine Hostname ; OS Name   ; OS Version ; Processor type ;
+---------------------------+------------------+-----------+------------+----------------+
; Analysis & Synthesis      ; 6-306-09         ; Windows 7 ; 6.1        ; x86_64         ;
; Fitter                    ; 6-306-09         ; Windows 7 ; 6.1        ; x86_64         ;
; Assembler                 ; 6-306-09         ; Windows 7 ; 6.1        ; x86_64         ;
; TimeQuest Timing Analyzer ; 6-306-09         ; Windows 7 ; 6.1        ; x86_64         ;
+---------------------------+------------------+-----------+------------+----------------+


------------
; Flow Log ;
------------
quartus_map --read_settings_files=on --write_settings_files=off ap7 -c ap7
quartus_fit --read_settings_files=on --write_settings_files=off ap7 -c ap7
quartus_asm --read_settings_files=off --write_settings_files=off ap7 -c ap7
quartus_sta ap7 -c ap7



